<?xml version="1.0" encoding="UTF-8"?>
<!-- Generated by org.testng.reporters.JUnitReportReporter -->
<testsuite name="OrangeHRM_Tests.Adminlogintest" tests="1" time="29.070" ignored="0" failures="0" timestamp="22 Mar 2021 16:51:31 GMT" skipped="0" hostname="DESKTOP-683TC0J" errors="0">
  <testcase name="checkAdminlogin" time="29.070" classname="OrangeHRM_Tests.Adminlogintest"/>
</testsuite> <!-- OrangeHRM_Tests.Adminlogintest -->
